<?xml version="1.0" encoding="UTF-8"?>
<!-- Generated by org.testng.reporters.JUnitReportReporter -->
<testsuite hostname="DESKTOP-KP39UUC" failures="0" tests="3" name="com.Amokartproject.makeupproducttest.makeupProductTest" time="0.152" errors="0" timestamp="2024-08-26T16:06:54 IST" skipped="0">
  <testcase classname="com.Amokartproject.makeupproducttest.makeupProductTest" name="addProduct" time="0.110"/>
  <system-out>
    <![CDATA[addProduct--foundation PRD Successfully]]>
  </system-out>
  <testcase classname="com.Amokartproject.makeupproducttest.makeupProductTest" name="deleteProduct" time="0.018"/>
  <system-out>
    <![CDATA[deleteProduct --eyelinner PRD Successfully]]>
  </system-out>
  <testcase classname="com.Amokartproject.makeupproducttest.makeupProductTest" name="updateProduct" time="0.024"/>
  <system-out>
    <![CDATA[updateProduct --lipstick PRD Successfully]]>
  </system-out>
</testsuite> <!-- com.Amokartproject.makeupproducttest.makeupProductTest -->
