<?xml version="1.0" encoding="UTF-8"?>
<!-- Generated by org.testng.reporters.JUnitReportReporter -->
<testsuite hostname="DESKTOP-KP39UUC" failures="0" tests="1" name="com.Amokartproject.registertest.WebpageDataEnterTest" time="7.105" errors="0" timestamp="2024-09-02T16:55:30 IST" skipped="0">
  <testcase classname="com.Amokartproject.registertest.WebpageDataEnterTest" name="registerValidData" time="7.105"/>
  <system-out/>
</testsuite> <!-- com.Amokartproject.registertest.WebpageDataEnterTest -->
