<?xml version="1.0" encoding="UTF-8"?>
<!-- Generated by org.testng.reporters.JUnitReportReporter -->
<testsuite hostname="DESKTOP-KP39UUC" failures="0" tests="3" name="com.Amokartproject.kidsproducttest.kidsProduct9Test" time="0.016" errors="0" timestamp="2024-08-24T16:51:54 IST" skipped="0">
  <testcase classname="com.Amokartproject.kidsproducttest.kidsProduct9Test" name="deleteProduct" time="0.006"/>
  <system-out>
    <![CDATA[deleteProduct --kids PRD  9 Successfully]]>
  </system-out>
  <testcase classname="com.Amokartproject.kidsproducttest.kidsProduct9Test" name="addProduct" time="0.004"/>
  <system-out>
    <![CDATA[addProduct--kids PRD  9 Successfully]]>
  </system-out>
  <testcase classname="com.Amokartproject.kidsproducttest.kidsProduct9Test" name="updateProduct" time="0.006"/>
  <system-out>
    <![CDATA[updateProduct --kids PRD 9  Successfully]]>
  </system-out>
</testsuite> <!-- com.Amokartproject.kidsproducttest.kidsProduct9Test -->
