<?xml version="1.0" encoding="UTF-8"?>
<!-- Generated by org.testng.reporters.JUnitReportReporter -->
<testsuite hostname="DESKTOP-KP39UUC" failures="0" tests="3" name="com.Amokartproject.electronicproducttest.electronicProductTest" time="0.271" errors="0" timestamp="2024-08-26T16:06:54 IST" skipped="0">
  <testcase classname="com.Amokartproject.electronicproducttest.electronicProductTest" name="deleteProduct" time="0.042"/>
  <system-out>
    <![CDATA[deleted Product --electronic Successfully]]>
  </system-out>
  <testcase classname="com.Amokartproject.electronicproducttest.electronicProductTest" name="updateProduct" time="0.098"/>
  <system-out>
    <![CDATA[updated Product --electronic Successfully]]>
  </system-out>
  <testcase classname="com.Amokartproject.electronicproducttest.electronicProductTest" name="addProduct" time="0.131"/>
  <system-out>
    <![CDATA[added Product--electronic Successfully]]>
  </system-out>
</testsuite> <!-- com.Amokartproject.electronicproducttest.electronicProductTest -->
