<?xml version="1.0" encoding="UTF-8"?>
<!-- Generated by org.testng.reporters.JUnitReportReporter -->
<testsuite hostname="DESKTOP-KP39UUC" failures="0" tests="3" name="com.Amokartproject.kidsproducttest.kidsProduct7Test" time="0.021" errors="0" timestamp="2024-08-24T16:51:54 IST" skipped="0">
  <testcase classname="com.Amokartproject.kidsproducttest.kidsProduct7Test" name="addProduct" time="0.007"/>
  <system-out>
    <![CDATA[addProduct--kids PRD 7  Successfully]]>
  </system-out>
  <testcase classname="com.Amokartproject.kidsproducttest.kidsProduct7Test" name="updateProduct" time="0.003"/>
  <system-out>
    <![CDATA[updateProduct --kids  PRD  7 Successfully]]>
  </system-out>
  <testcase classname="com.Amokartproject.kidsproducttest.kidsProduct7Test" name="deleteProduct" time="0.011"/>
  <system-out>
    <![CDATA[deleteProduct --kids PRD 7  Successfully]]>
  </system-out>
</testsuite> <!-- com.Amokartproject.kidsproducttest.kidsProduct7Test -->
