<?xml version="1.0" encoding="UTF-8"?>
<!-- Generated by org.testng.reporters.JUnitReportReporter -->
<testsuite hostname="DESKTOP-KP39UUC" failures="0" tests="3" name="com.Amokartproject.kidsproducttest.kidsProduct8Test" time="0.101" errors="0" timestamp="2024-08-24T16:51:54 IST" skipped="0">
  <testcase classname="com.Amokartproject.kidsproducttest.kidsProduct8Test" name="deleteProduct" time="0.020"/>
  <system-out>
    <![CDATA[deleteProduct --kids PRD 8  Successfully]]>
  </system-out>
  <testcase classname="com.Amokartproject.kidsproducttest.kidsProduct8Test" name="addProduct" time="0.076"/>
  <system-out>
    <![CDATA[addProduct--kids PRD 8 Successfully]]>
  </system-out>
  <testcase classname="com.Amokartproject.kidsproducttest.kidsProduct8Test" name="updateProduct" time="0.005"/>
  <system-out>
    <![CDATA[updateProduct --kids PRD 8  Successfully]]>
  </system-out>
</testsuite> <!-- com.Amokartproject.kidsproducttest.kidsProduct8Test -->
