<?xml version="1.0" encoding="UTF-8"?>
<!-- Generated by org.testng.reporters.JUnitReportReporter -->
<testsuite hostname="DESKTOP-KP39UUC" failures="0" tests="3" name="com.Amokartproject.kidsproducttest.kidsProduct1Test" time="0.021" errors="0" timestamp="2024-08-24T16:51:54 IST" skipped="0">
  <testcase classname="com.Amokartproject.kidsproducttest.kidsProduct1Test" name="addProduct" time="0.013"/>
  <system-out>
    <![CDATA[addProduct--kids PRD 1 Successfully]]>
  </system-out>
  <testcase classname="com.Amokartproject.kidsproducttest.kidsProduct1Test" name="updateProduct" time="0.005"/>
  <system-out>
    <![CDATA[updateProduct --kids PRD 1 Successfully]]>
  </system-out>
  <testcase classname="com.Amokartproject.kidsproducttest.kidsProduct1Test" name="deleteProduct" time="0.003"/>
  <system-out>
    <![CDATA[deleteProduct --kids PRD 1 Successfully]]>
  </system-out>
</testsuite> <!-- com.Amokartproject.kidsproducttest.kidsProduct1Test -->
