<?xml version="1.0" encoding="UTF-8"?>
<!-- Generated by org.testng.reporters.JUnitReportReporter -->
<testsuite hostname="DESKTOP-KP39UUC" failures="0" tests="4" name="com.Amokartproject.registertest.RegisterOriginalTest" time="30.343" errors="0" timestamp="2024-08-26T16:03:44 IST" skipped="1">
  <testcase classname="com.Amokartproject.registertest.RegisterOriginalTest" name="createUser_invalidData" time="9.615"/>
  <system-out>
    <![CDATA[createUser_invalidData for registerTest]]>
  </system-out>
  <testcase classname="com.Amokartproject.registertest.RegisterOriginalTest" name="createUser_invalidData" time="11.137"/>
  <system-out>
    <![CDATA[createUser_invalidData for registerTest]]>
  </system-out>
  <testcase classname="com.Amokartproject.registertest.RegisterOriginalTest" name="createUser_invalidData" time="9.591"/>
  <system-out>
    <![CDATA[createUser_invalidData for registerTest]]>
  </system-out>
  <testcase classname="com.Amokartproject.registertest.RegisterOriginalTest" name="createUser_validData">
    <skipped/>
  </testcase> <!-- createUser_validData -->
  <system-out/>
</testsuite> <!-- com.Amokartproject.registertest.RegisterOriginalTest -->
