<?xml version="1.0" encoding="UTF-8"?>
<!-- Generated by org.testng.reporters.JUnitReportReporter -->
<testsuite hostname="DESKTOP-KP39UUC" failures="0" tests="3" name="com.Amokartproject.producttest.product_commonTest" time="0.168" errors="0" timestamp="2024-08-26T16:06:54 IST" skipped="0">
  <testcase classname="com.Amokartproject.producttest.product_commonTest" name="deleteProduct" time="0.030"/>
  <system-out>
    <![CDATA[deleteProduct --common PRD Successfully]]>
  </system-out>
  <testcase classname="com.Amokartproject.producttest.product_commonTest" name="addProduct" time="0.101"/>
  <system-out>
    <![CDATA[addProduct--common PRD Successfully]]>
  </system-out>
  <testcase classname="com.Amokartproject.producttest.product_commonTest" name="updateProduct" time="0.037"/>
  <system-out>
    <![CDATA[updateProduct --common PRD Successfully]]>
  </system-out>
</testsuite> <!-- com.Amokartproject.producttest.product_commonTest -->
