<?xml version="1.0" encoding="UTF-8"?>
<!-- Generated by org.testng.reporters.JUnitReportReporter -->
<testsuite hostname="DESKTOP-KP39UUC" failures="0" tests="4" name="com.Amokartproject.registertest.RegisterTest" time="29.745" errors="0" timestamp="2024-08-08T10:55:59 IST" skipped="1">
  <testcase classname="com.Amokartproject.registertest.RegisterTest" name="createUser_invalidData" time="9.731"/>
  <system-out>
    <![CDATA[createUser_invalidData for registerTest]]>
  </system-out>
  <testcase classname="com.Amokartproject.registertest.RegisterTest" name="createUser_invalidData" time="9.624"/>
  <system-out>
    <![CDATA[createUser_invalidData for registerTest]]>
  </system-out>
  <testcase classname="com.Amokartproject.registertest.RegisterTest" name="createUser_invalidData" time="10.390"/>
  <system-out>
    <![CDATA[createUser_invalidData for registerTest]]>
  </system-out>
  <testcase classname="com.Amokartproject.registertest.RegisterTest" name="createUser_validData">
    <skipped/>
  </testcase> <!-- createUser_validData -->
  <system-out/>
</testsuite> <!-- com.Amokartproject.registertest.RegisterTest -->
