<?xml version="1.0" encoding="UTF-8"?>
<!-- Generated by org.testng.reporters.JUnitReportReporter -->
<testsuite hostname="DESKTOP-KP39UUC" failures="0" tests="6" name="com.Amokartproject.kidsproducttest.kidsProductTest2" time="0.037" errors="0" timestamp="2024-08-07T11:14:50 IST" skipped="0">
  <testcase classname="com.Amokartproject.kidsproducttest.kidsProductTest2" name="updateProduct" time="0.004"/>
  <system-out>
    <![CDATA[updateProduct --kids PRD Successfully]]>
  </system-out>
  <testcase classname="com.Amokartproject.kidsproducttest.kidsProductTest2" name="deleteProduct" time="0.007"/>
  <system-out>
    <![CDATA[deleteProduct --kids PRD Successfully]]>
  </system-out>
  <testcase classname="com.Amokartproject.kidsproducttest.kidsProductTest2" name="updateProduct" time="0.004"/>
  <system-out>
    <![CDATA[updateProduct --kids PRD Successfully]]>
  </system-out>
  <testcase classname="com.Amokartproject.kidsproducttest.kidsProductTest2" name="addProduct" time="0.015"/>
  <system-out>
    <![CDATA[addProduct--kids PRD Successfully]]>
  </system-out>
  <testcase classname="com.Amokartproject.kidsproducttest.kidsProductTest2" name="addProduct" time="0.003"/>
  <system-out>
    <![CDATA[addProduct--kids PRD Successfully]]>
  </system-out>
  <testcase classname="com.Amokartproject.kidsproducttest.kidsProductTest2" name="deleteProduct" time="0.004"/>
  <system-out>
    <![CDATA[deleteProduct --kids PRD Successfully]]>
  </system-out>
</testsuite> <!-- com.Amokartproject.kidsproducttest.kidsProductTest2 -->
