<?xml version="1.0" encoding="UTF-8"?>
<!-- Generated by org.testng.reporters.JUnitReportReporter -->
<testsuite hostname="DESKTOP-KP39UUC" failures="0" tests="4" name="com.Amokartproject.kidsproducttest.kidsProductTest1" time="0.111" errors="0" timestamp="2024-08-07T11:14:50 IST" skipped="0">
  <testcase classname="com.Amokartproject.kidsproducttest.kidsProductTest1" name="addProduct" time="0.014"/>
  <system-out>
    <![CDATA[addProduct--kids PRD Successfully]]>
  </system-out>
  <testcase classname="com.Amokartproject.kidsproducttest.kidsProductTest1" name="addProduct" time="0.079"/>
  <system-out>
    <![CDATA[addProduct--kids PRD Successfully]]>
  </system-out>
  <testcase classname="com.Amokartproject.kidsproducttest.kidsProductTest1" name="updateProduct" time="0.005"/>
  <system-out>
    <![CDATA[updateProduct --kids PRD Successfully]]>
  </system-out>
  <testcase classname="com.Amokartproject.kidsproducttest.kidsProductTest1" name="deleteProduct" time="0.013"/>
  <system-out>
    <![CDATA[deleteProduct --kids PRD Successfully]]>
  </system-out>
</testsuite> <!-- com.Amokartproject.kidsproducttest.kidsProductTest1 -->
